This is pdfTeX, Version 3.14159265-2.6-1.40.20 (MiKTeX 2.9.7250 64-bit) (preloaded format=pdflatex 2020.2.4)  14 OCT 2021 23:29
entering extended mode
**./Report.tex
(Report.tex
LaTeX2e <2019-10-01> patch level 3
("C:\Users\espen\AppData\Local\Programs\MiKTeX 2.9\tex/latex/base\article.cls"
Document Class: article 2019/10/25 v1.4k Standard LaTeX document class
("C:\Users\espen\AppData\Local\Programs\MiKTeX 2.9\tex/latex/base\size12.clo"
File: size12.clo 2019/10/25 v1.4k Standard LaTeX file (size option)
)
\c@part=\count80
\c@section=\count81
\c@subsection=\count82
\c@subsubsection=\count83
\c@paragraph=\count84
\c@subparagraph=\count85
\c@figure=\count86
\c@table=\count87
\abovecaptionskip=\skip41
\belowcaptionskip=\skip42
\bibindent=\dimen102
) ("C:\Users\espen\AppData\Local\Programs\MiKTeX 2.9\tex/latex/base\inputenc.st
y"
Package: inputenc 2018/08/11 v1.3c Input encoding file
\inpenc@prehook=\toks14
\inpenc@posthook=\toks15
)
("C:\Users\espen\AppData\Local\Programs\MiKTeX 2.9\tex/latex/graphics\graphicx.
sty"
Package: graphicx 2017/06/01 v1.1a Enhanced LaTeX Graphics (DPC,SPQR)

("C:\Users\espen\AppData\Local\Programs\MiKTeX 2.9\tex/latex/graphics\keyval.st
y"
Package: keyval 2014/10/28 v1.15 key=value parser (DPC)
\KV@toks@=\toks16
)
("C:\Users\espen\AppData\Local\Programs\MiKTeX 2.9\tex/latex/graphics\graphics.
sty"
Package: graphics 2019/11/01 v1.3d Standard LaTeX Graphics (DPC,SPQR)

("C:\Users\espen\AppData\Local\Programs\MiKTeX 2.9\tex/latex/graphics\trig.sty"
Package: trig 2016/01/03 v1.10 sin cos tan (DPC)
)
("C:\Users\espen\AppData\Local\Programs\MiKTeX 2.9\tex/latex/graphics-cfg\graph
ics.cfg"
File: graphics.cfg 2016/06/04 v1.11 sample graphics configuration
)
Package graphics Info: Driver file: pdftex.def on input line 105.

("C:\Users\espen\AppData\Local\Programs\MiKTeX 2.9\tex/latex/graphics-def\pdfte
x.def"
File: pdftex.def 2018/01/08 v1.0l Graphics/color driver for pdftex
))
\Gin@req@height=\dimen103
\Gin@req@width=\dimen104
)
("C:\Users\espen\AppData\Local\Programs\MiKTeX 2.9\tex/latex/amsfonts\amsfonts.
sty"
Package: amsfonts 2013/01/14 v3.01 Basic AMSFonts support
\@emptytoks=\toks17
\symAMSa=\mathgroup4
\symAMSb=\mathgroup5
LaTeX Font Info:    Redeclaring math symbol \hbar on input line 98.
LaTeX Font Info:    Overwriting math alphabet `\mathfrak' in version `bold'
(Font)                  U/euf/m/n --> U/euf/b/n on input line 106.
) (Report.aux)
\openout1 = `Report.aux'.

LaTeX Font Info:    Checking defaults for OML/cmm/m/it on input line 6.
LaTeX Font Info:    ... okay on input line 6.
LaTeX Font Info:    Checking defaults for T1/cmr/m/n on input line 6.
LaTeX Font Info:    ... okay on input line 6.
LaTeX Font Info:    Checking defaults for OT1/cmr/m/n on input line 6.
LaTeX Font Info:    ... okay on input line 6.
LaTeX Font Info:    Checking defaults for OMS/cmsy/m/n on input line 6.
LaTeX Font Info:    ... okay on input line 6.
LaTeX Font Info:    Checking defaults for OMX/cmex/m/n on input line 6.
LaTeX Font Info:    ... okay on input line 6.
LaTeX Font Info:    Checking defaults for U/cmr/m/n on input line 6.
LaTeX Font Info:    ... okay on input line 6.

("C:\Users\espen\AppData\Local\Programs\MiKTeX 2.9\tex/context/base/mkii\supp-p
df.mkii"
[Loading MPS to PDF converter (version 2006.09.02).]
\scratchcounter=\count88
\scratchdimen=\dimen105
\scratchbox=\box27
\nofMPsegments=\count89
\nofMParguments=\count90
\everyMPshowfont=\toks18
\MPscratchCnt=\count91
\MPscratchDim=\dimen106
\MPnumerator=\count92
\makeMPintoPDFobject=\count93
\everyMPtoPDFconversion=\toks19
)
("C:\Users\espen\AppData\Local\Programs\MiKTeX 2.9\tex/latex/epstopdf-pkg\epsto
pdf-base.sty"
Package: epstopdf-base 2019/11/24 v2.7 Base part for package epstopdf

("C:\Users\espen\AppData\Local\Programs\MiKTeX 2.9\tex/generic/oberdiek\infware
rr.sty"
Package: infwarerr 2016/05/16 v1.4 Providing info/warning/error messages (HO)
)
("C:\Users\espen\AppData\Local\Programs\MiKTeX 2.9\tex/latex/oberdiek\grfext.st
y"
Package: grfext 2016/05/16 v1.2 Manage graphics extensions (HO)

("C:\Users\espen\AppData\Local\Programs\MiKTeX 2.9\tex/generic/oberdiek\kvdefin
ekeys.sty"
Package: kvdefinekeys 2016/05/16 v1.4 Define keys (HO)

("C:\Users\espen\AppData\Local\Programs\MiKTeX 2.9\tex/generic/oberdiek\ltxcmds
.sty"
Package: ltxcmds 2016/05/16 v1.23 LaTeX kernel commands for general use (HO)
)))
("C:\Users\espen\AppData\Local\Programs\MiKTeX 2.9\tex/latex/oberdiek\kvoptions
.sty"
Package: kvoptions 2016/05/16 v3.12 Key value format for package options (HO)

("C:\Users\espen\AppData\Local\Programs\MiKTeX 2.9\tex/generic/oberdiek\kvsetke
ys.sty"
Package: kvsetkeys 2016/05/16 v1.17 Key value parser (HO)

("C:\Users\espen\AppData\Local\Programs\MiKTeX 2.9\tex/generic/oberdiek\etexcmd
s.sty"
Package: etexcmds 2016/05/16 v1.6 Avoid name clashes with e-TeX commands (HO)

("C:\Users\espen\AppData\Local\Programs\MiKTeX 2.9\tex/generic/iftex\ifluatex.s
ty"
Package: ifluatex 2019/10/25 v1.5 ifluatex legacy package. Use iftex instead.

("C:\Users\espen\AppData\Local\Programs\MiKTeX 2.9\tex/generic/iftex\iftex.sty"
Package: iftex 2019/11/07 v1.0c TeX engine tests
)))))
("C:\Users\espen\AppData\Local\Programs\MiKTeX 2.9\tex/latex/pdftexcmds\pdftexc
mds.sty"
Package: pdftexcmds 2019/11/24 v0.31 Utility functions of pdfTeX for LuaTeX (HO
)
Package pdftexcmds Info: \pdf@primitive is available.
Package pdftexcmds Info: \pdf@ifprimitive is available.
Package pdftexcmds Info: \pdfdraftmode found.
)
Package epstopdf-base Info: Redefining graphics rule for `.eps' on input line 4
42.
Package grfext Info: Graphics extension search list:
(grfext)             [.pdf,.png,.jpg,.mps,.jpeg,.jbig2,.jb2,.PDF,.PNG,.JPG,.JPE
G,.JBIG2,.JB2,.eps]
(grfext)             \AppendGraphicsExtensions on input line 460.
)
LaTeX Font Info:    Trying to load font information for U+msa on input line 10.


("C:\Users\espen\AppData\Local\Programs\MiKTeX 2.9\tex/latex/amsfonts\umsa.fd"
File: umsa.fd 2013/01/14 v3.01 AMS symbols A
)
LaTeX Font Info:    Trying to load font information for U+msb on input line 10.

("C:\Users\espen\AppData\Local\Programs\MiKTeX 2.9\tex/latex/amsfonts\umsb.fd"
File: umsb.fd 2013/01/14 v3.01 AMS symbols B
)
<images/Confidence_beta.png, id=1, 462.528pt x 346.896pt>
File: images/Confidence_beta.png Graphic file (type png)
<use images/Confidence_beta.png>
Package pdftex.def Info: images/Confidence_beta.png  used on input line 13.
(pdftex.def)             Requested size: 370.02289pt x 277.51717pt.
[1

{C:/Users/espen/AppData/Local/MiKTeX/2.9/pdftex/config/pdftex.map} <./images/Co
nfidence_beta.png>]
Underfull \hbox (badness 10000) in paragraph at lines 16--18

 []

<images/ex2_errors.png, id=10, 925.056pt x 462.528pt>
File: images/ex2_errors.png Graphic file (type png)
<use images/ex2_errors.png>
Package pdftex.def Info: images/ex2_errors.png  used on input line 26.
(pdftex.def)             Requested size: 462.52687pt x 231.26343pt.

Overfull \hbox (72.52687pt too wide) in paragraph at lines 24--32
[] 
 []


Underfull \hbox (badness 10000) in paragraph at lines 24--32

 []


Underfull \hbox (badness 10000) in paragraph at lines 24--32

 []

[2 <./images/ex2_errors.png>]
Underfull \hbox (badness 10000) in paragraph at lines 57--59

 []


Underfull \hbox (badness 10000) in paragraph at lines 65--68

 []

[3]
<images/ex2_bias_variance.png, id=27, 925.056pt x 462.528pt>
File: images/ex2_bias_variance.png Graphic file (type png)
<use images/ex2_bias_variance.png>
Package pdftex.def Info: images/ex2_bias_variance.png  used on input line 71.
(pdftex.def)             Requested size: 462.52687pt x 231.26343pt.

Overfull \hbox (72.52687pt too wide) in paragraph at lines 69--73
[] 
 []


Underfull \hbox (badness 10000) in paragraph at lines 69--73

 []

[4 <./images/ex2_bias_variance.png>]
<images/ex3_errors.png, id=32, 925.056pt x 462.528pt>
File: images/ex3_errors.png Graphic file (type png)
<use images/ex3_errors.png>
Package pdftex.def Info: images/ex3_errors.png  used on input line 78.
(pdftex.def)             Requested size: 462.52687pt x 231.26343pt.
<images/ex3_bias_variance.png, id=33, 925.056pt x 462.528pt>
File: images/ex3_bias_variance.png Graphic file (type png)
<use images/ex3_bias_variance.png>
Package pdftex.def Info: images/ex3_bias_variance.png  used on input line 80.
(pdftex.def)             Requested size: 462.52687pt x 231.26343pt.
<images/ex4_testerror_bootstrap.png, id=34, 462.528pt x 346.896pt>
File: images/ex4_testerror_bootstrap.png Graphic file (type png)
<use images/ex4_testerror_bootstrap.png>
Package pdftex.def Info: images/ex4_testerror_bootstrap.png  used on input line
 87.
(pdftex.def)             Requested size: 277.51894pt x 208.13919pt.
<images/ex4_traningerror_bootstrap.png, id=35, 462.528pt x 346.896pt>
File: images/ex4_traningerror_bootstrap.png Graphic file (type png)
<use images/ex4_traningerror_bootstrap.png>
Package pdftex.def Info: images/ex4_traningerror_bootstrap.png  used on input l
ine 89.
(pdftex.def)             Requested size: 277.51894pt x 208.13919pt.
<images/ex4_testerror_cv.png, id=36, 462.528pt x 346.896pt>
File: images/ex4_testerror_cv.png Graphic file (type png)
<use images/ex4_testerror_cv.png>
Package pdftex.def Info: images/ex4_testerror_cv.png  used on input line 91.
(pdftex.def)             Requested size: 277.51894pt x 208.13919pt.
<images/ex4_traningerror_cv.png, id=37, 462.528pt x 346.896pt>
File: images/ex4_traningerror_cv.png Graphic file (type png)
<use images/ex4_traningerror_cv.png>
Package pdftex.def Info: images/ex4_traningerror_cv.png  used on input line 93.

(pdftex.def)             Requested size: 277.51894pt x 208.13919pt.

Underfull \hbox (badness 10000) in paragraph at lines 74--98

 []


Overfull \hbox (72.52687pt too wide) in paragraph at lines 74--98
[] 
 []


Overfull \hbox (72.52687pt too wide) in paragraph at lines 74--98
[] 
 []


Underfull \hbox (badness 10000) in paragraph at lines 74--98

 []


Underfull \hbox (badness 10000) in paragraph at lines 74--98

 []


Underfull \hbox (badness 10000) in paragraph at lines 74--98

 []


Underfull \vbox (badness 10000) has occurred while \output is active []

 [5 <./images/ex3_errors.png> <./images/ex3_bias_variance.png>]
Underfull \vbox (badness 10000) has occurred while \output is active []

 [6 <./images/ex4_testerror_bootstrap.png> <./images/ex4_traningerror_bootstrap
.png>]
[7 <./images/ex4_testerror_cv.png> <./images/ex4_traningerror_cv.png>]
<images/ex5_testerror_bootstrap.png, id=54, 462.528pt x 346.896pt>
File: images/ex5_testerror_bootstrap.png Graphic file (type png)
<use images/ex5_testerror_bootstrap.png>
Package pdftex.def Info: images/ex5_testerror_bootstrap.png  used on input line
 102.
(pdftex.def)             Requested size: 277.51894pt x 208.13919pt.
<images/ex5_traningerror_bootstrap.png, id=55, 462.528pt x 346.896pt>
File: images/ex5_traningerror_bootstrap.png Graphic file (type png)
<use images/ex5_traningerror_bootstrap.png>
Package pdftex.def Info: images/ex5_traningerror_bootstrap.png  used on input l
ine 104.
(pdftex.def)             Requested size: 277.51894pt x 208.13919pt.

Underfull \hbox (badness 10000) in paragraph at lines 99--105

 []

[8 <./images/ex5_testerror_bootstrap.png> <./images/ex5_traningerror_bootstrap.
png>]
<images/ex5_testerror_cv.png, id=61, 462.528pt x 346.896pt>
File: images/ex5_testerror_cv.png Graphic file (type png)
<use images/ex5_testerror_cv.png>
Package pdftex.def Info: images/ex5_testerror_cv.png  used on input line 108.
(pdftex.def)             Requested size: 277.51894pt x 208.13919pt.
<images/ex5_traningerror_cv.png, id=62, 462.528pt x 346.896pt>
File: images/ex5_traningerror_cv.png Graphic file (type png)
<use images/ex5_traningerror_cv.png>
Package pdftex.def Info: images/ex5_traningerror_cv.png  used on input line 110
.
(pdftex.def)             Requested size: 277.51894pt x 208.13919pt.

Underfull \hbox (badness 10000) in paragraph at lines 106--112

 []

[9 <./images/ex5_testerror_cv.png> <./images/ex5_traningerror_cv.png>]
Underfull \hbox (badness 10000) in paragraph at lines 113--120

 []


Underfull \hbox (badness 10000) in paragraph at lines 113--120

 []


Underfull \hbox (badness 10000) in paragraph at lines 113--120

 []

[10] (Report.aux) ) 
Here is how much of TeX's memory you used:
 1739 strings out of 492484
 27188 string characters out of 3121602
 86235 words of memory out of 3000000
 6057 multiletter control sequences out of 15000+200000
 12280 words of font info for 48 fonts, out of 3000000 for 9000
 1141 hyphenation exceptions out of 8191
 55i,6n,32p,530b,192s stack positions out of 5000i,500n,10000p,200000b,50000s
<C:/Users/espen/AppData/Local/Programs/MiKTeX 2.9/fonts/type
1/public/amsfonts/cm/cmbx12.pfb><C:/Users/espen/AppData/Local/Programs/MiKTeX 2
.9/fonts/type1/public/amsfonts/cm/cmex10.pfb><C:/Users/espen/AppData/Local/Prog
rams/MiKTeX 2.9/fonts/type1/public/amsfonts/cm/cmmi12.pfb><C:/Users/espen/AppDa
ta/Local/Programs/MiKTeX 2.9/fonts/type1/public/amsfonts/cm/cmmi8.pfb><C:/Users
/espen/AppData/Local/Programs/MiKTeX 2.9/fonts/type1/public/amsfonts/cm/cmr12.p
fb><C:/Users/espen/AppData/Local/Programs/MiKTeX 2.9/fonts/type1/public/amsfont
s/cm/cmr17.pfb><C:/Users/espen/AppData/Local/Programs/MiKTeX 2.9/fonts/type1/pu
blic/amsfonts/cm/cmr8.pfb><C:/Users/espen/AppData/Local/Programs/MiKTeX 2.9/fon
ts/type1/public/amsfonts/cm/cmsy10.pfb><C:/Users/espen/AppData/Local/Programs/M
iKTeX 2.9/fonts/type1/public/amsfonts/cm/cmsy8.pfb><C:/Users/espen/AppData/Loca
l/Programs/MiKTeX 2.9/fonts/type1/public/amsfonts/cm/cmtt12.pfb><C:/Users/espen
/AppData/Local/Programs/MiKTeX 2.9/fonts/type1/public/amsfonts/symbols/msbm10.p
fb>
Output written on Report.pdf (10 pages, 1776510 bytes).
PDF statistics:
 106 PDF objects out of 1000 (max. 8388607)
 0 named destinations out of 1000 (max. 500000)
 66 words of extra memory for PDF output out of 10000 (max. 10000000)

