This is pdfTeX, Version 3.141592653-2.6-1.40.23 (MiKTeX 21.10) (preloaded format=pdflatex 2021.10.25)  20 NOV 2021 22:32
entering extended mode
**./Report.tex
(Report.tex
LaTeX2e <2021-06-01> patch level 1
L3 programming layer <2021-10-18>
(C:\Users\espen\AppData\Local\Programs\MiKTeX\tex/latex/base\article.cls
Document Class: article 2021/02/12 v1.4n Standard LaTeX document class
(C:\Users\espen\AppData\Local\Programs\MiKTeX\tex/latex/base\size12.clo
File: size12.clo 2021/02/12 v1.4n Standard LaTeX file (size option)
)
\c@part=\count182
\c@section=\count183
\c@subsection=\count184
\c@subsubsection=\count185
\c@paragraph=\count186
\c@subparagraph=\count187
\c@figure=\count188
\c@table=\count189
\abovecaptionskip=\skip47
\belowcaptionskip=\skip48
\bibindent=\dimen138
)
(C:\Users\espen\AppData\Local\Programs\MiKTeX\tex/latex/base\inputenc.sty
Package: inputenc 2021/02/14 v1.3d Input encoding file
\inpenc@prehook=\toks16
\inpenc@posthook=\toks17
)
(C:\Users\espen\AppData\Local\Programs\MiKTeX\tex/latex/graphics\graphicx.sty
Package: graphicx 2020/12/05 v1.2c Enhanced LaTeX Graphics (DPC,SPQR)

(C:\Users\espen\AppData\Local\Programs\MiKTeX\tex/latex/graphics\keyval.sty
Package: keyval 2014/10/28 v1.15 key=value parser (DPC)
\KV@toks@=\toks18
)
(C:\Users\espen\AppData\Local\Programs\MiKTeX\tex/latex/graphics\graphics.sty
Package: graphics 2021/03/04 v1.4d Standard LaTeX Graphics (DPC,SPQR)

(C:\Users\espen\AppData\Local\Programs\MiKTeX\tex/latex/graphics\trig.sty
Package: trig 2016/01/03 v1.10 sin cos tan (DPC)
)
(C:\Users\espen\AppData\Local\Programs\MiKTeX\tex/latex/graphics-cfg\graphics.c
fg
File: graphics.cfg 2016/06/04 v1.11 sample graphics configuration
)
Package graphics Info: Driver file: pdftex.def on input line 107.

(C:\Users\espen\AppData\Local\Programs\MiKTeX\tex/latex/graphics-def\pdftex.def
File: pdftex.def 2020/10/05 v1.2a Graphics/color driver for pdftex
))
\Gin@req@height=\dimen139
\Gin@req@width=\dimen140
) (C:\Users\espen\AppData\Local\Programs\MiKTeX\tex/latex/physics\physics.sty
Package: physics 

(C:\Users\espen\AppData\Local\Programs\MiKTeX\tex/latex/l3packages/xparse\xpars
e.sty
(C:\Users\espen\AppData\Local\Programs\MiKTeX\tex/latex/l3kernel\expl3.sty
Package: expl3 2021-10-18 L3 programming layer (loader) 

(C:\Users\espen\AppData\Local\Programs\MiKTeX\tex/latex/l3backend\l3backend-pdf
tex.def
File: l3backend-pdftex.def 2021-10-18 L3 backend support: PDF output (pdfTeX)
\l__color_backend_stack_int=\count190
\l__pdf_internal_box=\box50
))
Package: xparse 2021-08-27 L3 Experimental document command parser
)
(C:\Users\espen\AppData\Local\Programs\MiKTeX\tex/latex/amsmath\amsmath.sty
Package: amsmath 2021/04/20 v2.17j AMS math features
\@mathmargin=\skip49

For additional information on amsmath, use the `?' option.
(C:\Users\espen\AppData\Local\Programs\MiKTeX\tex/latex/amsmath\amstext.sty
Package: amstext 2000/06/29 v2.01 AMS text

(C:\Users\espen\AppData\Local\Programs\MiKTeX\tex/latex/amsmath\amsgen.sty
File: amsgen.sty 1999/11/30 v2.0 generic functions
\@emptytoks=\toks19
\ex@=\dimen141
))
(C:\Users\espen\AppData\Local\Programs\MiKTeX\tex/latex/amsmath\amsbsy.sty
Package: amsbsy 1999/11/29 v1.2d Bold Symbols
\pmbraise@=\dimen142
)
(C:\Users\espen\AppData\Local\Programs\MiKTeX\tex/latex/amsmath\amsopn.sty
Package: amsopn 2016/03/08 v2.02 operator names
)
\inf@bad=\count191
LaTeX Info: Redefining \frac on input line 234.
\uproot@=\count192
\leftroot@=\count193
LaTeX Info: Redefining \overline on input line 399.
\classnum@=\count194
\DOTSCASE@=\count195
LaTeX Info: Redefining \ldots on input line 496.
LaTeX Info: Redefining \dots on input line 499.
LaTeX Info: Redefining \cdots on input line 620.
\Mathstrutbox@=\box51
\strutbox@=\box52
\big@size=\dimen143
LaTeX Font Info:    Redeclaring font encoding OML on input line 743.
LaTeX Font Info:    Redeclaring font encoding OMS on input line 744.
\macc@depth=\count196
\c@MaxMatrixCols=\count197
\dotsspace@=\muskip16
\c@parentequation=\count198
\dspbrk@lvl=\count199
\tag@help=\toks20
\row@=\count266
\column@=\count267
\maxfields@=\count268
\andhelp@=\toks21
\eqnshift@=\dimen144
\alignsep@=\dimen145
\tagshift@=\dimen146
\tagwidth@=\dimen147
\totwidth@=\dimen148
\lineht@=\dimen149
\@envbody=\toks22
\multlinegap=\skip50
\multlinetaggap=\skip51
\mathdisplay@stack=\toks23
LaTeX Info: Redefining \[ on input line 2923.
LaTeX Info: Redefining \] on input line 2924.
))
(C:\Users\espen\AppData\Local\Programs\MiKTeX\tex/latex/amsfonts\amsfonts.sty
Package: amsfonts 2013/01/14 v3.01 Basic AMSFonts support
\symAMSa=\mathgroup4
\symAMSb=\mathgroup5
LaTeX Font Info:    Redeclaring math symbol \hbar on input line 98.
LaTeX Font Info:    Overwriting math alphabet `\mathfrak' in version `bold'
(Font)                  U/euf/m/n --> U/euf/b/n on input line 106.
)
(C:\Users\espen\AppData\Local\Programs\MiKTeX\tex/latex/geometry\geometry.sty
Package: geometry 2020/01/02 v5.9 Page Geometry

(C:\Users\espen\AppData\Local\Programs\MiKTeX\tex/generic/iftex\ifvtex.sty
Package: ifvtex 2019/10/25 v1.7 ifvtex legacy package. Use iftex instead.

(C:\Users\espen\AppData\Local\Programs\MiKTeX\tex/generic/iftex\iftex.sty
Package: iftex 2020/03/06 v1.0d TeX engine tests
))
\Gm@cnth=\count269
\Gm@cntv=\count270
\c@Gm@tempcnt=\count271
\Gm@bindingoffset=\dimen150
\Gm@wd@mp=\dimen151
\Gm@odd@mp=\dimen152
\Gm@even@mp=\dimen153
\Gm@layoutwidth=\dimen154
\Gm@layoutheight=\dimen155
\Gm@layouthoffset=\dimen156
\Gm@layoutvoffset=\dimen157
\Gm@dimlist=\toks24

(C:\Users\espen\AppData\Local\Programs\MiKTeX\tex/latex/geometry\geometry.cfg))
(C:\Users\espen\AppData\Local\Programs\MiKTeX\tex/latex/xcolor\xcolor.sty
Package: xcolor 2016/05/11 v2.12 LaTeX color extensions (UK)

(C:\Users\espen\AppData\Local\Programs\MiKTeX\tex/latex/graphics-cfg\color.cfg
File: color.cfg 2016/01/02 v1.6 sample color configuration
)
Package xcolor Info: Driver file: pdftex.def on input line 225.
Package xcolor Info: Model `cmy' substituted by `cmy0' on input line 1348.
Package xcolor Info: Model `hsb' substituted by `rgb' on input line 1352.
Package xcolor Info: Model `RGB' extended on input line 1364.
Package xcolor Info: Model `HTML' substituted by `rgb' on input line 1366.
Package xcolor Info: Model `Hsb' substituted by `hsb' on input line 1367.
Package xcolor Info: Model `tHsb' substituted by `hsb' on input line 1368.
Package xcolor Info: Model `HSB' substituted by `hsb' on input line 1369.
Package xcolor Info: Model `Gray' substituted by `gray' on input line 1370.
Package xcolor Info: Model `wave' substituted by `hsb' on input line 1371.
)
(C:\Users\espen\AppData\Local\Programs\MiKTeX\tex/latex/mathtools\mathtools.sty
Package: mathtools 2021/04/12 v1.27 mathematical typesetting tools
(C:\Users\espen\AppData\Local\Programs\MiKTeX\tex/latex/tools\calc.sty
Package: calc 2017/05/25 v4.3 Infix arithmetic (KKT,FJ)
\calc@Acount=\count272
\calc@Bcount=\count273
\calc@Adimen=\dimen158
\calc@Bdimen=\dimen159
\calc@Askip=\skip52
\calc@Bskip=\skip53
LaTeX Info: Redefining \setlength on input line 80.
LaTeX Info: Redefining \addtolength on input line 81.
\calc@Ccount=\count274
\calc@Cskip=\skip54
)
(C:\Users\espen\AppData\Local\Programs\MiKTeX\tex/latex/mathtools\mhsetup.sty
Package: mhsetup 2021/03/18 v1.4 programming setup (MH)
)
LaTeX Info: Thecontrolsequence`\('isalreadyrobust on input line 130.
LaTeX Info: Thecontrolsequence`\)'isalreadyrobust on input line 130.
LaTeX Info: Thecontrolsequence`\['isalreadyrobust on input line 130.
LaTeX Info: Thecontrolsequence`\]'isalreadyrobust on input line 130.
\g_MT_multlinerow_int=\count275
\l_MT_multwidth_dim=\dimen160
\origjot=\skip55
\l_MT_shortvdotswithinadjustabove_dim=\dimen161
\l_MT_shortvdotswithinadjustbelow_dim=\dimen162
\l_MT_above_intertext_sep=\dimen163
\l_MT_below_intertext_sep=\dimen164
\l_MT_above_shortintertext_sep=\dimen165
\l_MT_below_shortintertext_sep=\dimen166
\xmathstrut@box=\box53
\xmathstrut@dim=\dimen167
)
(C:\Users\espen\AppData\Local\Programs\MiKTeX\tex/latex/algorithms\algorithm.st
y
Package: algorithm 2009/08/24 v0.1 Document Style `algorithm' - floating enviro
nment
 (C:\Users\espen\AppData\Local\Programs\MiKTeX\tex/latex/float\float.sty
Package: float 2001/11/08 v1.3d Float enhancements (AL)
\c@float@type=\count276
\float@exts=\toks25
\float@box=\box54
\@float@everytoks=\toks26
\@floatcapt=\box55
)
(C:\Users\espen\AppData\Local\Programs\MiKTeX\tex/latex/base\ifthen.sty
Package: ifthen 2020/11/24 v1.1c Standard LaTeX ifthen package (DPC)
)
\@float@every@algorithm=\toks27
\c@algorithm=\count277
)
(C:\Users\espen\AppData\Local\Programs\MiKTeX\tex/latex/algorithmicx\algpseudoc
ode.sty
Package: algpseudocode 

(C:\Users\espen\AppData\Local\Programs\MiKTeX\tex/latex/algorithmicx\algorithmi
cx.sty
Package: algorithmicx 2005/04/27 v1.2 Algorithmicx

Document Style algorithmicx 1.2 - a greatly improved `algorithmic' style
\c@ALG@line=\count278
\c@ALG@rem=\count279
\c@ALG@nested=\count280
\ALG@tlm=\skip56
\ALG@thistlm=\skip57
\c@ALG@Lnr=\count281
\c@ALG@blocknr=\count282
\c@ALG@storecount=\count283
\c@ALG@tmpcounter=\count284
\ALG@tmplength=\skip58
)
Document Style - pseudocode environments for use with the `algorithmicx' style
) (C:\Users\espen\AppData\Local\Programs\MiKTeX\tex/latex/listings\listings.sty
\lst@mode=\count285
\lst@gtempboxa=\box56
\lst@token=\toks28
\lst@length=\count286
\lst@currlwidth=\dimen168
\lst@column=\count287
\lst@pos=\count288
\lst@lostspace=\dimen169
\lst@width=\dimen170
\lst@newlines=\count289
\lst@lineno=\count290
\lst@maxwidth=\dimen171
(C:\Users\espen\AppData\Local\Programs\MiKTeX\tex/latex/listings\lstmisc.sty
File: lstmisc.sty 2020/03/24 1.8d (Carsten Heinz)
\c@lstnumber=\count291
\lst@skipnumbers=\count292
\lst@framebox=\box57
)
(C:\Users\espen\AppData\Local\Programs\MiKTeX\tex/latex/listings\listings.cfg
File: listings.cfg 2020/03/24 1.8d listings configuration
))
Package: listings 2020/03/24 1.8d (Carsten Heinz)
(Report.aux)
\openout1 = `Report.aux'.

LaTeX Font Info:    Checking defaults for OML/cmm/m/it on input line 23.
LaTeX Font Info:    ... okay on input line 23.
LaTeX Font Info:    Checking defaults for OMS/cmsy/m/n on input line 23.
LaTeX Font Info:    ... okay on input line 23.
LaTeX Font Info:    Checking defaults for OT1/cmr/m/n on input line 23.
LaTeX Font Info:    ... okay on input line 23.
LaTeX Font Info:    Checking defaults for T1/cmr/m/n on input line 23.
LaTeX Font Info:    ... okay on input line 23.
LaTeX Font Info:    Checking defaults for TS1/cmr/m/n on input line 23.
LaTeX Font Info:    ... okay on input line 23.
LaTeX Font Info:    Checking defaults for OMX/cmex/m/n on input line 23.
LaTeX Font Info:    ... okay on input line 23.
LaTeX Font Info:    Checking defaults for U/cmr/m/n on input line 23.
LaTeX Font Info:    ... okay on input line 23.

(C:\Users\espen\AppData\Local\Programs\MiKTeX\tex/context/base/mkii\supp-pdf.mk
ii
[Loading MPS to PDF converter (version 2006.09.02).]
\scratchcounter=\count293
\scratchdimen=\dimen172
\scratchbox=\box58
\nofMPsegments=\count294
\nofMParguments=\count295
\everyMPshowfont=\toks29
\MPscratchCnt=\count296
\MPscratchDim=\dimen173
\MPnumerator=\count297
\makeMPintoPDFobject=\count298
\everyMPtoPDFconversion=\toks30
)
(C:\Users\espen\AppData\Local\Programs\MiKTeX\tex/latex/epstopdf-pkg\epstopdf-b
ase.sty
Package: epstopdf-base 2020-01-24 v2.11 Base part for package epstopdf
Package epstopdf-base Info: Redefining graphics rule for `.eps' on input line 4
85.

(C:\Users\espen\AppData\Local\Programs\MiKTeX\tex/latex/00miktex\epstopdf-sys.c
fg
File: epstopdf-sys.cfg 2021/03/18 v2.0 Configuration of epstopdf for MiKTeX
))
*geometry* driver: auto-detecting
*geometry* detected driver: pdftex
*geometry* verbose mode - [ preamble ] result:
* driver: pdftex
* paper: letterpaper
* layout: <same size as paper>
* layoutoffset:(h,v)=(0.0pt,0.0pt)
* modes: twoside 
* h-part:(L,W,R)=(56.9055pt, 500.484pt, 56.9055pt)
* v-part:(T,H,B)=(56.9055pt, 681.15898pt, 56.9055pt)
* \paperwidth=614.295pt
* \paperheight=794.96999pt
* \textwidth=500.484pt
* \textheight=681.15898pt
* \oddsidemargin=-15.36449pt
* \evensidemargin=-15.36449pt
* \topmargin=-15.36449pt
* \headheight=0.0pt
* \headsep=0.0pt
* \topskip=12.0pt
* \footskip=30.0pt
* \marginparwidth=95.0pt
* \marginparsep=10.0pt
* \columnsep=10.0pt
* \skip\footins=10.8pt plus 4.0pt minus 2.0pt
* \hoffset=0.0pt
* \voffset=0.0pt
* \mag=1000
* \@twocolumnfalse
* \@twosidetrue
* \@mparswitchtrue
* \@reversemarginfalse
* (1in=72.27pt=25.4mm, 1cm=28.453pt)

\c@lstlisting=\count299
LaTeX Font Info:    Trying to load font information for U+msa on input line 27.

(C:\Users\espen\AppData\Local\Programs\MiKTeX\tex/latex/amsfonts\umsa.fd
File: umsa.fd 2013/01/14 v3.01 AMS symbols A
)
LaTeX Font Info:    Trying to load font information for U+msb on input line 27.


(C:\Users\espen\AppData\Local\Programs\MiKTeX\tex/latex/amsfonts\umsb.fd
File: umsb.fd 2013/01/14 v3.01 AMS symbols B
)
Underfull \hbox (badness 10000) in paragraph at lines 28--31

 []


Underfull \hbox (badness 10000) in paragraph at lines 32--35

 []


Underfull \hbox (badness 10000) in paragraph at lines 41--52

 []


Underfull \hbox (badness 10000) in paragraph at lines 41--52

 []


Underfull \hbox (badness 10000) in paragraph at lines 41--52

 []


Underfull \hbox (badness 10000) in paragraph at lines 41--52

 []


Underfull \hbox (badness 10000) in paragraph at lines 41--52

 []

[1

{C:/Users/espen/AppData/Local/MiKTeX/pdftex/config/pdftex.map}]
<images//NN.jpg, id=13, 575.90157pt x 319.94531pt>
File: images//NN.jpg Graphic file (type jpg)
<use images//NN.jpg>
Package pdftex.def Info: images//NN.jpg  used on input line 66.
(pdftex.def)             Requested size: 287.95007pt x 159.97226pt.

Underfull \hbox (badness 10000) in paragraph at lines 57--81

 []


Underfull \hbox (badness 10000) in paragraph at lines 57--81

 []


Underfull \hbox (badness 10000) in paragraph at lines 57--81

 []


Underfull \hbox (badness 10000) in paragraph at lines 57--81

 []


Underfull \hbox (badness 10000) in paragraph at lines 57--81

 []


Underfull \hbox (badness 10000) in paragraph at lines 57--81

 []


Underfull \hbox (badness 10000) in paragraph at lines 57--81

 []


Underfull \hbox (badness 10000) in paragraph at lines 57--81

 []


Underfull \hbox (badness 10000) in paragraph at lines 57--81

 []


Underfull \hbox (badness 10000) in paragraph at lines 57--81

 []


Underfull \hbox (badness 10000) in paragraph at lines 57--81

 []

[2 <./images//NN.jpg>]
Underfull \hbox (badness 10000) in paragraph at lines 87--92

 []


Underfull \hbox (badness 10000) in paragraph at lines 87--92

 []


Underfull \hbox (badness 10000) in paragraph at lines 87--92

 []


Underfull \hbox (badness 10000) in paragraph at lines 99--101

 []


Underfull \hbox (badness 10000) in paragraph at lines 107--111

 []


Underfull \hbox (badness 10000) in paragraph at lines 107--111

 []

[3]
Underfull \hbox (badness 10000) in paragraph at lines 124--134

 []


Underfull \hbox (badness 10000) in paragraph at lines 124--134

 []


Underfull \hbox (badness 10000) in paragraph at lines 124--134

 []


Underfull \hbox (badness 10000) in paragraph at lines 124--134

 []


Underfull \hbox (badness 10000) in paragraph at lines 136--140

 []


Underfull \hbox (badness 10000) in paragraph at lines 142--146

 []


Underfull \hbox (badness 10000) in paragraph at lines 142--146

 []


Underfull \hbox (badness 10000) in paragraph at lines 148--155

 []


Underfull \hbox (badness 10000) in paragraph at lines 148--155

 []


Underfull \hbox (badness 10000) in paragraph at lines 148--155

 []

[4]
Underfull \hbox (badness 10000) in paragraph at lines 156--162

 []


Underfull \hbox (badness 10000) in paragraph at lines 156--162

 []


Underfull \hbox (badness 10000) in paragraph at lines 164--166

 []


Underfull \hbox (badness 10000) in paragraph at lines 168--172

 []


Underfull \hbox (badness 10000) in paragraph at lines 168--172

 []


Underfull \hbox (badness 10000) in paragraph at lines 174--176

 []


Underfull \hbox (badness 10000) in paragraph at lines 178--180

 []


Underfull \hbox (badness 10000) in paragraph at lines 182--184

 []


Underfull \hbox (badness 10000) in paragraph at lines 186--188

 []


Underfull \hbox (badness 10000) in paragraph at lines 191--193

 []

[5]
Underfull \hbox (badness 10000) in paragraph at lines 204--206

 []


Underfull \hbox (badness 10000) in paragraph at lines 207--210

 []


Underfull \hbox (badness 10000) in paragraph at lines 207--210

 []


Underfull \hbox (badness 10000) in paragraph at lines 221--225

 []

[6]
Underfull \hbox (badness 10000) in paragraph at lines 226--230

 []


Underfull \hbox (badness 10000) in paragraph at lines 241--243

 []


Underfull \hbox (badness 10000) in paragraph at lines 256--263

 []


Underfull \hbox (badness 10000) in paragraph at lines 256--263

 []


Underfull \hbox (badness 10000) in paragraph at lines 256--263

 []


Underfull \hbox (badness 10000) in paragraph at lines 265--267

 []

[7]
Underfull \hbox (badness 10000) in paragraph at lines 269--281

 []


Underfull \hbox (badness 10000) in paragraph at lines 269--281

 []

<images//one_hidden_50_sigmoid.png, id=36, 462.528pt x 346.896pt>
File: images//one_hidden_50_sigmoid.png Graphic file (type png)
<use images//one_hidden_50_sigmoid.png>
Package pdftex.def Info: images//one_hidden_50_sigmoid.png  used on input line 
299.
(pdftex.def)             Requested size: 231.26343pt x 173.44757pt.
<images//one_hidden_50_ReLU.png, id=38, 462.528pt x 346.896pt>
File: images//one_hidden_50_ReLU.png Graphic file (type png)
<use images//one_hidden_50_ReLU.png>
Package pdftex.def Info: images//one_hidden_50_ReLU.png  used on input line 300
.
(pdftex.def)             Requested size: 231.26343pt x 173.44757pt.

Underfull \hbox (badness 10000) in paragraph at lines 287--301

 []


Underfull \hbox (badness 10000) in paragraph at lines 287--301

 []


Underfull \hbox (badness 10000) in paragraph at lines 287--301

 []


Underfull \hbox (badness 10000) in paragraph at lines 287--301

 []


Underfull \hbox (badness 10000) in paragraph at lines 287--301

 []

[8 <./images//one_hidden_50_sigmoid.png>]
<images//two_hidden_20_sigmoid.png, id=43, 462.528pt x 346.896pt>
File: images//two_hidden_20_sigmoid.png Graphic file (type png)
<use images//two_hidden_20_sigmoid.png>
Package pdftex.def Info: images//two_hidden_20_sigmoid.png  used on input line 
314.
(pdftex.def)             Requested size: 231.26343pt x 173.44757pt.
<images//two_hidden_20_ReLU.png, id=44, 462.528pt x 346.896pt>
File: images//two_hidden_20_ReLU.png Graphic file (type png)
<use images//two_hidden_20_ReLU.png>
Package pdftex.def Info: images//two_hidden_20_ReLU.png  used on input line 315
.
(pdftex.def)             Requested size: 231.26343pt x 173.44757pt.

Underfull \hbox (badness 10000) in paragraph at lines 311--316

 []


Underfull \vbox (badness 10000) has occurred while \output is active []

 [9 <./images//one_hidden_50_ReLU.png> <./images//two_hidden_20_sigmoid.png>]
<images//three_hidden_10_sigmoid.png, id=50, 462.528pt x 346.896pt>
File: images//three_hidden_10_sigmoid.png Graphic file (type png)
<use images//three_hidden_10_sigmoid.png>
Package pdftex.def Info: images//three_hidden_10_sigmoid.png  used on input lin
e 329.
(pdftex.def)             Requested size: 231.26343pt x 173.44757pt.
<images//three_hidden_10_ReLU.png, id=51, 462.528pt x 346.896pt>
File: images//three_hidden_10_ReLU.png Graphic file (type png)
<use images//three_hidden_10_ReLU.png>
Package pdftex.def Info: images//three_hidden_10_ReLU.png  used on input line 3
30.
(pdftex.def)             Requested size: 231.26343pt x 173.44757pt.

Underfull \hbox (badness 10000) in paragraph at lines 326--331

 []


Underfull \vbox (badness 10000) has occurred while \output is active []

 [10 <./images//two_hidden_20_ReLU.png> <./images//three_hidden_10_sigmoid.png>
]
<images//epoch_v_batch_sigmoid.png, id=57, 867.24pt x 578.16pt>
File: images//epoch_v_batch_sigmoid.png Graphic file (type png)
<use images//epoch_v_batch_sigmoid.png>
Package pdftex.def Info: images//epoch_v_batch_sigmoid.png  used on input line 
347.
(pdftex.def)             Requested size: 433.61894pt x 289.07928pt.
<images//epoch_v_batch_relu.png, id=58, 867.24pt x 578.16pt>
File: images//epoch_v_batch_relu.png Graphic file (type png)
<use images//epoch_v_batch_relu.png>
Package pdftex.def Info: images//epoch_v_batch_relu.png  used on input line 348
.
(pdftex.def)             Requested size: 433.61894pt x 289.07928pt.
<images//eta_v_lmd_sigmoid.png, id=59, 867.24pt x 578.16pt>
File: images//eta_v_lmd_sigmoid.png Graphic file (type png)
<use images//eta_v_lmd_sigmoid.png>
Package pdftex.def Info: images//eta_v_lmd_sigmoid.png  used on input line 349.

(pdftex.def)             Requested size: 433.61894pt x 289.07928pt.
<images//eta_v_lmd_relu.png, id=60, 867.24pt x 578.16pt>
File: images//eta_v_lmd_relu.png Graphic file (type png)
<use images//eta_v_lmd_relu.png>
Package pdftex.def Info: images//eta_v_lmd_relu.png  used on input line 350.
(pdftex.def)             Requested size: 433.61894pt x 289.07928pt.
<images//layer_v_batch_sigmoid.png, id=61, 867.24pt x 578.16pt>
File: images//layer_v_batch_sigmoid.png Graphic file (type png)
<use images//layer_v_batch_sigmoid.png>
Package pdftex.def Info: images//layer_v_batch_sigmoid.png  used on input line 
351.
(pdftex.def)             Requested size: 433.61894pt x 289.07928pt.
<images//layer_v_batch_relu.png, id=62, 867.24pt x 578.16pt>
File: images//layer_v_batch_relu.png Graphic file (type png)
<use images//layer_v_batch_relu.png>
Package pdftex.def Info: images//layer_v_batch_relu.png  used on input line 352
.
(pdftex.def)             Requested size: 433.61894pt x 289.07928pt.

Underfull \hbox (badness 10000) in paragraph at lines 341--355

 []


Underfull \hbox (badness 10000) in paragraph at lines 341--355

 []


Underfull \hbox (badness 10000) in paragraph at lines 341--355

 []


Underfull \vbox (badness 10000) has occurred while \output is active []

 [11 <./images//three_hidden_10_ReLU.png>]
Underfull \vbox (badness 10000) has occurred while \output is active []

 [12 <./images//epoch_v_batch_sigmoid.png> <./images//epoch_v_batch_relu.png>]
Underfull \vbox (badness 10000) has occurred while \output is active []

 [13 <./images//eta_v_lmd_sigmoid.png> <./images//eta_v_lmd_relu.png>] [14 <./i
mages//layer_v_batch_sigmoid.png> <./images//layer_v_batch_relu.png>] (Report.a
ux) ) 
Here is how much of TeX's memory you used:
 6605 strings out of 478907
 95422 string characters out of 2851891
 418585 words of memory out of 3000000
 24408 multiletter control sequences out of 15000+600000
 413103 words of font info for 64 fonts, out of 8000000 for 9000
 1141 hyphenation exceptions out of 8191
 71i,6n,81p,954b,1001s stack positions out of 5000i,500n,10000p,200000b,80000s
<C:/Users/espen/AppData/Local/Programs/MiKTeX/fonts/type1/public/amsfonts/
cm/cmbx12.pfb><C:/Users/espen/AppData/Local/Programs/MiKTeX/fonts/type1/public/
amsfonts/cm/cmex10.pfb><C:/Users/espen/AppData/Local/Programs/MiKTeX/fonts/type
1/public/amsfonts/cm/cmmi12.pfb><C:/Users/espen/AppData/Local/Programs/MiKTeX/f
onts/type1/public/amsfonts/cm/cmmi8.pfb><C:/Users/espen/AppData/Local/Programs/
MiKTeX/fonts/type1/public/amsfonts/cm/cmr12.pfb><C:/Users/espen/AppData/Local/P
rograms/MiKTeX/fonts/type1/public/amsfonts/cm/cmr17.pfb><C:/Users/espen/AppData
/Local/Programs/MiKTeX/fonts/type1/public/amsfonts/cm/cmr8.pfb><C:/Users/espen/
AppData/Local/Programs/MiKTeX/fonts/type1/public/amsfonts/cm/cmsy10.pfb><C:/Use
rs/espen/AppData/Local/Programs/MiKTeX/fonts/type1/public/amsfonts/cm/cmsy8.pfb
><C:/Users/espen/AppData/Local/Programs/MiKTeX/fonts/type1/public/amsfonts/cm/c
mti12.pfb><C:/Users/espen/AppData/Local/Programs/MiKTeX/fonts/type1/public/amsf
onts/cm/cmtt12.pfb>
Output written on Report.pdf (14 pages, 668098 bytes).
PDF statistics:
 129 PDF objects out of 1000 (max. 8388607)
 0 named destinations out of 1000 (max. 500000)
 66 words of extra memory for PDF output out of 10000 (max. 10000000)

